   Compiling gb_lang v0.1.0 (/home/bmoffett/projects/gb_lang)
error: proc-macro derive panicked
 --> src/parser.rs:8:10
  |
8 | #[derive(Parser)]
  |          ^^^^^^
  |
  = help: message: grammar error
          
            --> 34:38
             |
          34 | define_args = { (define_arg ~ ("," ~ define_arge)*)? } // x: int, y: int
             |                                      ^---------^
             |
             = rule define_arge is undefined

error[E0432]: unresolved import `Rule`
  --> src/parser.rs:14:13
   |
14 |         use Rule::*;
   |             ^^^^ use of undeclared type `Rule`

error[E0433]: failed to resolve: use of undeclared type `Rule`
  --> src/parser.rs:33:17
   |
33 |                 Rule::add => Op::Add,
   |                 ^^^^ use of undeclared type `Rule`

error[E0433]: failed to resolve: use of undeclared type `Rule`
  --> src/parser.rs:34:17
   |
34 |                 Rule::subtract => Op::Subtract,
   |                 ^^^^ use of undeclared type `Rule`

error[E0433]: failed to resolve: use of undeclared type `Rule`
  --> src/parser.rs:35:17
   |
35 |                 Rule::multiply => Op::Multiply,
   |                 ^^^^ use of undeclared type `Rule`

error[E0433]: failed to resolve: use of undeclared type `Rule`
  --> src/parser.rs:36:17
   |
36 |                 Rule::divide => Op::Divide,
   |                 ^^^^ use of undeclared type `Rule`

error[E0433]: failed to resolve: use of undeclared type `Rule`
  --> src/parser.rs:37:17
   |
37 |                 Rule::modulo => Op::Modulo,
   |                 ^^^^ use of undeclared type `Rule`

error[E0433]: failed to resolve: use of undeclared type `Rule`
  --> src/parser.rs:38:17
   |
38 |                 Rule::assign => Op::Assign,
   |                 ^^^^ use of undeclared type `Rule`

error[E0433]: failed to resolve: use of undeclared type `Rule`
  --> src/parser.rs:39:17
   |
39 |                 Rule::less_than => Op::LessThan,
   |                 ^^^^ use of undeclared type `Rule`

error[E0433]: failed to resolve: use of undeclared type `Rule`
  --> src/parser.rs:40:17
   |
40 |                 Rule::greater_than => Op::GreaterThan,
   |                 ^^^^ use of undeclared type `Rule`

error[E0433]: failed to resolve: use of undeclared type `Rule`
  --> src/parser.rs:57:9
   |
57 |         Rule::integer => Expr::Integer(pair.as_str().parse::<i64>().unwrap()),
   |         ^^^^ use of undeclared type `Rule`

error[E0433]: failed to resolve: use of undeclared type `Rule`
  --> src/parser.rs:58:9
   |
58 |         Rule::float => {
   |         ^^^^ use of undeclared type `Rule`

error[E0433]: failed to resolve: use of undeclared type `Rule`
  --> src/parser.rs:68:9
   |
68 |         Rule::identifier => Expr::Identifier(pair.as_str().to_string()),
   |         ^^^^ use of undeclared type `Rule`

error[E0433]: failed to resolve: use of undeclared type `Rule`
  --> src/parser.rs:69:9
   |
69 |         Rule::boolean => Expr::Boolean(pair.as_str().parse::<bool>().unwrap()),
   |         ^^^^ use of undeclared type `Rule`

error[E0433]: failed to resolve: use of undeclared type `Rule`
  --> src/parser.rs:70:9
   |
70 |         Rule::expr => parse_expr(pair.into_inner()),
   |         ^^^^ use of undeclared type `Rule`

error[E0433]: failed to resolve: use of undeclared type `Rule`
  --> src/parser.rs:71:9
   |
71 |         Rule::compound_expr => {
   |         ^^^^ use of undeclared type `Rule`

error[E0433]: failed to resolve: use of undeclared type `Rule`
  --> src/parser.rs:82:9
   |
82 |         Rule::unary_minus => {
   |         ^^^^ use of undeclared type `Rule`

error[E0433]: failed to resolve: use of undeclared type `Rule`
  --> src/parser.rs:85:9
   |
85 |         Rule::return_expr => {
   |         ^^^^ use of undeclared type `Rule`

error[E0433]: failed to resolve: use of undeclared type `Rule`
  --> src/parser.rs:88:9
   |
88 |         Rule::if_expr => {
   |         ^^^^ use of undeclared type `Rule`

error[E0433]: failed to resolve: use of undeclared type `Rule`
   --> src/parser.rs:109:9
    |
109 |         Rule::while_expr => {
    |         ^^^^ use of undeclared type `Rule`

error[E0433]: failed to resolve: use of undeclared type `Rule`
   --> src/parser.rs:119:9
    |
119 |         Rule::call => {
    |         ^^^^ use of undeclared type `Rule`

error[E0433]: failed to resolve: use of undeclared type `Rule`
   --> src/parser.rs:134:9
    |
134 |         Rule::function_definition => {
    |         ^^^^ use of undeclared type `Rule`

error[E0433]: failed to resolve: could not find `Rule` in `parser`
  --> src/main.rs:49:47
   |
49 |         match parser::GbParser::parse(parser::Rule::file, &line?) {
   |                                               ^^^^ could not find `Rule` in `parser`

error[E0433]: failed to resolve: could not find `Rule` in `parser`
  --> src/main.rs:67:43
   |
67 |     match parser::GbParser::parse(parser::Rule::file, &content) {
   |                                           ^^^^ could not find `Rule` in `parser`

error[E0412]: cannot find type `Rule` in this scope
  --> src/parser.rs:13:42
   |
13 |     static ref PREC_CLIMBER: PrecClimber<Rule> = {
   |                                          ^^^^ not found in this scope

error[E0425]: cannot find value `assign` in this scope
  --> src/parser.rs:17:27
   |
17 |             Operator::new(assign, Right),
   |                           ^^^^^^ not found in this scope

error[E0425]: cannot find value `less_than` in this scope
  --> src/parser.rs:18:27
   |
18 |             Operator::new(less_than, Left) | Operator::new(greater_than, Left),
   |                           ^^^^^^^^^ not found in this scope

error[E0425]: cannot find value `greater_than` in this scope
  --> src/parser.rs:18:60
   |
18 |             Operator::new(less_than, Left) | Operator::new(greater_than, Left),
   |                                                            ^^^^^^^^^^^^ not found in this scope

error[E0425]: cannot find value `add` in this scope
  --> src/parser.rs:19:27
   |
19 |             Operator::new(add, Left) | Operator::new(subtract, Left),
   |                           ^^^ not found in this scope

error[E0425]: cannot find value `subtract` in this scope
  --> src/parser.rs:19:54
   |
19 |             Operator::new(add, Left) | Operator::new(subtract, Left),
   |                                                      ^^^^^^^^ not found in this scope

error[E0425]: cannot find value `multiply` in this scope
  --> src/parser.rs:20:27
   |
20 |             Operator::new(multiply, Left) | Operator::new(divide, Left) | Operator::new(modulo, Left),
   |                           ^^^^^^^^ not found in this scope

error[E0425]: cannot find value `divide` in this scope
  --> src/parser.rs:20:59
   |
20 |             Operator::new(multiply, Left) | Operator::new(divide, Left) | Operator::new(modulo, Left),
   |                                                           ^^^^^^ not found in this scope

error[E0425]: cannot find value `modulo` in this scope
  --> src/parser.rs:20:89
   |
20 |             Operator::new(multiply, Left) | Operator::new(divide, Left) | Operator::new(modulo, Left),
   |                                                                                         ^^^^^^ not found in this scope

error[E0412]: cannot find type `Rule` in this scope
  --> src/parser.rs:25:32
   |
25 | pub fn parse_expr(pairs: Pairs<Rule>) -> Expr {
   |                                ^^^^ not found in this scope
   |
help: you might be missing a type parameter
   |
25 | pub fn parse_expr<Rule>(pairs: Pairs<Rule>) -> Expr {
   |                  ++++++

error[E0412]: cannot find type `Rule` in this scope
  --> src/parser.rs:28:21
   |
28 |         |pair: Pair<Rule>| match pair.as_rule() {
   |                     ^^^^ not found in this scope
   |
help: you might be missing a type parameter
   |
25 | pub fn parse_expr<Rule>(pairs: Pairs<Rule>) -> Expr {
   |                  ++++++

error[E0412]: cannot find type `Rule` in this scope
  --> src/parser.rs:31:30
   |
31 |         |lhs: Expr, op: Pair<Rule>, rhs: Expr| {
   |                              ^^^^ not found in this scope
   |
help: you might be missing a type parameter
   |
25 | pub fn parse_expr<Rule>(pairs: Pairs<Rule>) -> Expr {
   |                  ++++++

error[E0412]: cannot find type `Rule` in this scope
  --> src/parser.rs:55:25
   |
55 | fn parse_one(pair: Pair<Rule>) -> Expr {
   |                         ^^^^ not found in this scope
   |
help: you might be missing a type parameter
   |
55 | fn parse_one<Rule>(pair: Pair<Rule>) -> Expr {
   |             ++++++

error[E0412]: cannot find type `Rule` in this scope
  --> src/parser.rs:89:33
   |
89 |             let inner: Vec<Pair<Rule>> = pair.into_inner().collect();
   |                                 ^^^^ not found in this scope
   |
help: you might be missing a type parameter
   |
55 | fn parse_one<Rule>(pair: Pair<Rule>) -> Expr {
   |             ++++++

error[E0412]: cannot find type `Rule` in this scope
   --> src/parser.rs:110:33
    |
110 |             let inner: Vec<Pair<Rule>> = pair.into_inner().collect();
    |                                 ^^^^ not found in this scope
    |
help: you might be missing a type parameter
    |
55  | fn parse_one<Rule>(pair: Pair<Rule>) -> Expr {
    |             ++++++

error[E0412]: cannot find type `Rule` in this scope
   --> src/parser.rs:120:33
    |
120 |             let inner: Vec<Pair<Rule>> = pair.into_inner().collect();
    |                                 ^^^^ not found in this scope
    |
help: you might be missing a type parameter
    |
55  | fn parse_one<Rule>(pair: Pair<Rule>) -> Expr {
    |             ++++++

error[E0412]: cannot find type `Rule` in this scope
   --> src/parser.rs:135:33
    |
135 |             let inner: Vec<Pair<Rule>> = pair.into_inner().collect();
    |                                 ^^^^ not found in this scope
    |
help: you might be missing a type parameter
    |
55  | fn parse_one<Rule>(pair: Pair<Rule>) -> Expr {
    |             ++++++

error[E0599]: no method named `climb` found for struct `PREC_CLIMBER` in the current scope
  --> src/parser.rs:26:18
   |
12 | / lazy_static::lazy_static! {
13 | |     static ref PREC_CLIMBER: PrecClimber<Rule> = {
14 | |         use Rule::*;
15 | |
...  |
22 | |     };
23 | | }
   | |_- method `climb` not found for this struct
...
26 |       PREC_CLIMBER.climb(
   |                    ^^^^^ method not found in `PREC_CLIMBER`

error[E0599]: no function or associated item named `parse` found for struct `GbParser` in the current scope
  --> src/main.rs:49:33
   |
49 |         match parser::GbParser::parse(parser::Rule::file, &line?) {
   |                                 ^^^^^ function or associated item not found in `GbParser`
   |
  ::: src/parser.rs:10:1
   |
10 | pub struct GbParser;
   | ------------------- function or associated item `parse` not found for this struct
   |
   = help: items from traits can only be used if the trait is implemented and in scope
   = note: the following traits define an item `parse`, perhaps you need to implement one of them:
           candidate #1: `pest::Parser`
           candidate #2: `clap::Parser`
           candidate #3: `TypedValueParser`

error[E0599]: no function or associated item named `parse` found for struct `GbParser` in the current scope
  --> src/main.rs:67:29
   |
67 |     match parser::GbParser::parse(parser::Rule::file, &content) {
   |                             ^^^^^ function or associated item not found in `GbParser`
   |
  ::: src/parser.rs:10:1
   |
10 | pub struct GbParser;
   | ------------------- function or associated item `parse` not found for this struct
   |
   = help: items from traits can only be used if the trait is implemented and in scope
   = note: the following traits define an item `parse`, perhaps you need to implement one of them:
           candidate #1: `pest::Parser`
           candidate #2: `clap::Parser`
           candidate #3: `TypedValueParser`

warning: unused import: `pest::Parser`
  --> src/main.rs:12:5
   |
12 | use pest::Parser;
   |     ^^^^^^^^^^^^
   |
   = note: `#[warn(unused_imports)]` on by default

Some errors have detailed explanations: E0412, E0425, E0432, E0433, E0599.
For more information about an error, try `rustc --explain E0412`.
warning: `gb_lang` (bin "gb_lang") generated 1 warning
error: could not compile `gb_lang` due to 44 previous errors; 1 warning emitted
